#
# There is insufficient memory for the Java Runtime Environment to continue.
# Native memory allocation (mmap) failed to map 268435456 bytes. Error detail: G1 virtual space
# Possible reasons:
#   The system is out of physical RAM or swap space
#   This process is running with CompressedOops enabled, and the Java Heap may be blocking the growth of the native heap
# Possible solutions:
#   Reduce memory load on the system
#   Increase physical memory or swap space
#   Check if swap backing store is full
#   Decrease Java heap size (-Xmx/-Xms)
#   Decrease number of Java threads
#   Decrease Java thread stack sizes (-Xss)
#   Set larger code cache with -XX:ReservedCodeCacheSize=
#   JVM is running with Zero Based Compressed Oops mode in which the Java heap is
#     placed in the first 32GB address space. The Java Heap base address is the
#     maximum limit for the native heap growth. Please use -XX:HeapBaseMinAddress
#     to set the Java Heap base and to place the Java Heap above 32GB virtual address.
# This output file may be truncated or incomplete.
#
#  Out of Memory Error (os_windows.cpp:3703), pid=18588, tid=15188
#
# JRE version:  (23.0.1+11) (build )
# Java VM: OpenJDK 64-Bit Server VM (23.0.1+11, mixed mode, sharing, tiered, compressed oops, compressed class ptrs, g1 gc, windows-amd64)
# No core dump will be written. Minidumps are not enabled by default on client versions of Windows
#

---------------  S U M M A R Y ------------

Command Line: -agentlib:jdwp=transport=dt_socket,address=127.0.0.1:52126,suspend=y,server=n -javaagent:C:\Users\marce\AppData\Local\JetBrains\IntelliJIdea2024.2\captureAgent\debugger-agent.jar -Dkotlinx.coroutines.debug.enable.creation.stack.trace=false -Ddebugger.agent.enable.coroutines=true -Dfile.encoding=UTF-8 -Dsun.stdout.encoding=UTF-8 -Dsun.stderr.encoding=UTF-8 pe.edu.i202221402.crud.JPAPersist

Host: AMD Ryzen 5 3500X 6-Core Processor             , 6 cores, 15G,  Windows 10 , 64 bit Build 19041 (10.0.19041.5072)
Time: Wed Nov 20 02:19:36 2024 Hora est. Pacífico, Sudamérica elapsed time: 0.296155 seconds (0d 0h 0m 0s)

---------------  T H R E A D  ---------------

Current thread (0x000001ca653d4a60):  JavaThread "Unknown thread" [_thread_in_vm, id=15188, stack(0x000000be0fe00000,0x000000be0ff00000) (1024K)]

Stack: [0x000000be0fe00000,0x000000be0ff00000]
Native frames: (J=compiled Java code, j=interpreted, Vv=VM code, C=native code)
V  [jvm.dll+0x6e8c79]  (no source info available)
V  [jvm.dll+0x8d9253]  (no source info available)
V  [jvm.dll+0x8db6de]  (no source info available)
V  [jvm.dll+0x8dbdb3]  (no source info available)
V  [jvm.dll+0x281aa6]  (no source info available)
V  [jvm.dll+0x6e5575]  (no source info available)
V  [jvm.dll+0x6d958a]  (no source info available)
V  [jvm.dll+0x3625fa]  (no source info available)
V  [jvm.dll+0x36aa26]  (no source info available)
V  [jvm.dll+0x356fce]  (no source info available)
V  [jvm.dll+0x357268]  (no source info available)
V  [jvm.dll+0x32fbfc]  (no source info available)
V  [jvm.dll+0x33089e]  (no source info available)
V  [jvm.dll+0x89f955]  (no source info available)
V  [jvm.dll+0x3bfe88]  (no source info available)
V  [jvm.dll+0x88849c]  (no source info available)
V  [jvm.dll+0x45a16e]  (no source info available)
V  [jvm.dll+0x45bf81]  (no source info available)
C  [jli.dll+0x5278]  (no source info available)
C  [ucrtbase.dll+0x21bb2]  (no source info available)
C  [KERNEL32.DLL+0x17374]  (no source info available)
C  [ntdll.dll+0x4cc91]  (no source info available)

Lock stack of current Java thread (top to bottom):


---------------  P R O C E S S  ---------------

Threads class SMR info:
_java_thread_list=0x00007ffbd7b38ad8, length=0, elements={
}

Java Threads: ( => current thread )
Total: 0

Other Threads:
  0x000001ca6543ca40 WorkerThread "GC Thread#0"                     [id=20252, stack(0x000000be0ff00000,0x000000be10000000) (1024K)]
  0x000001ca65451a10 ConcurrentGCThread "G1 Main Marker"            [id=9288, stack(0x000000be10000000,0x000000be10100000) (1024K)]
  0x000001ca65453be0 WorkerThread "G1 Conc#0"                       [id=6324, stack(0x000000be10100000,0x000000be10200000) (1024K)]

[error occurred during error reporting (printing all threads), id 0xc0000005, EXCEPTION_ACCESS_VIOLATION (0xc0000005) at pc=0x00007ffbd721326a]
VM state: not at safepoint (not fully initialized)

VM Mutex/Monitor currently owned by a thread:  ([mutex/lock_event])
[0x00007ffbd7bbbe70] Heap_lock - owner thread: 0x000001ca653d4a60

Heap address: 0x0000000701000000, size: 4080 MB, Compressed Oops mode: Zero based, Oop shift amount: 3

CDS archive(s) mapped at: [0x0000000000000000-0x0000000000000000-0x0000000000000000), size 0, SharedBaseAddress: 0x0000000800000000, ArchiveRelocationMode: 1.
Narrow klass base: 0x0000000000000000, Narrow klass shift: 0, Narrow klass range: 0x0

GC Precious Log:
 CardTable entry size: 512
 Card Set container configuration: InlinePtr #cards 4 size 8 Array Of Cards #cards 16 size 48 Howl #buckets 8 coarsen threshold 3686 Howl Bitmap #cards 512 size 80 coarsen threshold 460 Card regions per heap region 1 cards per card region 4096

Heap:
 garbage-first heap   total reserved 4177920K, committed 0K, used 0K [0x0000000701000000, 0x0000000800000000)
  region size 2048K, 0 young (0K), 0 survivors (0K)

[error occurred during error reporting (printing heap information), id 0xc0000005, EXCEPTION_ACCESS_VIOLATION (0xc0000005) at pc=0x00007ffbd76151f9]
GC Heap History (0 events):
No events

Dll operation events (2 events):
Event: 0.178 Loaded shared library D:\DAWeb\CL1\jdk-23.0.1+11\bin\java.dll
Event: 0.179 Loaded shared library D:\DAWeb\CL1\jdk-23.0.1+11\bin\zip.dll

Deoptimization events (0 events):
No events

Classes loaded (0 events):
No events

Classes unloaded (0 events):
No events

Classes redefined (0 events):
No events

Internal exceptions (0 events):
No events

VM Operations (0 events):
No events

Memory protections (0 events):
No events

Nmethod flushes (0 events):
No events

Events (0 events):
No events


Dynamic libraries:
0x00007ff7a1400000 - 0x00007ff7a140e000 	D:\DAWeb\CL1\jdk-23.0.1+11\bin\java.exe
0x00007ffcb0290000 - 0x00007ffcb0488000 	C:\Windows\SYSTEM32\ntdll.dll
0x00007ffcafaa0000 - 0x00007ffcafb62000 	C:\Windows\System32\KERNEL32.DLL
0x00007ffcaded0000 - 0x00007ffcae1ce000 	C:\Windows\System32\KERNELBASE.dll
0x00007ffcadb40000 - 0x00007ffcadc40000 	C:\Windows\System32\ucrtbase.dll
0x00007ffc905b0000 - 0x00007ffc905ce000 	D:\DAWeb\CL1\jdk-23.0.1+11\bin\VCRUNTIME140.dll
0x00007ffc9d180000 - 0x00007ffc9d197000 	D:\DAWeb\CL1\jdk-23.0.1+11\bin\jli.dll
0x00007ffcaf3a0000 - 0x00007ffcaf53d000 	C:\Windows\System32\USER32.dll
0x00007ffcae280000 - 0x00007ffcae2a2000 	C:\Windows\System32\win32u.dll
0x00007ffcae460000 - 0x00007ffcae48b000 	C:\Windows\System32\GDI32.dll
0x00007ffc9c390000 - 0x00007ffc9c62a000 	C:\Windows\WinSxS\amd64_microsoft.windows.common-controls_6595b64144ccf1df_6.0.19041.4355_none_60b8b9eb71f62e16\COMCTL32.dll
0x00007ffcad960000 - 0x00007ffcada77000 	C:\Windows\System32\gdi32full.dll
0x00007ffcaea40000 - 0x00007ffcaeade000 	C:\Windows\System32\msvcrt.dll
0x00007ffcadc40000 - 0x00007ffcadcdd000 	C:\Windows\System32\msvcp_win.dll
0x00007ffcafc30000 - 0x00007ffcafc5f000 	C:\Windows\System32\IMM32.DLL
0x00007ffc904b0000 - 0x00007ffc904bc000 	D:\DAWeb\CL1\jdk-23.0.1+11\bin\vcruntime140_1.dll
0x00007ffc90060000 - 0x00007ffc900ed000 	D:\DAWeb\CL1\jdk-23.0.1+11\bin\msvcp140.dll
0x00007ffbd6ed0000 - 0x00007ffbd7c9d000 	D:\DAWeb\CL1\jdk-23.0.1+11\bin\server\jvm.dll
0x00007ffcae5e0000 - 0x00007ffcae691000 	C:\Windows\System32\ADVAPI32.dll
0x00007ffcb01b0000 - 0x00007ffcb024f000 	C:\Windows\System32\sechost.dll
0x00007ffcae860000 - 0x00007ffcae983000 	C:\Windows\System32\RPCRT4.dll
0x00007ffcad930000 - 0x00007ffcad957000 	C:\Windows\System32\bcrypt.dll
0x00007ffcafcd0000 - 0x00007ffcafd3b000 	C:\Windows\System32\WS2_32.dll
0x00007ffca47d0000 - 0x00007ffca47da000 	C:\Windows\SYSTEM32\VERSION.dll
0x00007ffca2b50000 - 0x00007ffca2b77000 	C:\Windows\SYSTEM32\WINMM.dll
0x00007ffcace80000 - 0x00007ffcacecb000 	C:\Windows\SYSTEM32\POWRPROF.dll
0x00007ffcaccf0000 - 0x00007ffcacd02000 	C:\Windows\SYSTEM32\UMPDC.dll
0x00007ffcac160000 - 0x00007ffcac172000 	C:\Windows\SYSTEM32\kernel.appcore.dll
0x00007ffcaa2b0000 - 0x00007ffcaa2ba000 	D:\DAWeb\CL1\jdk-23.0.1+11\bin\jimage.dll
0x00007ffcab5f0000 - 0x00007ffcab7d4000 	C:\Windows\SYSTEM32\DBGHELP.DLL
0x00007ffca4200000 - 0x00007ffca4234000 	C:\Windows\SYSTEM32\dbgcore.DLL
0x00007ffcade40000 - 0x00007ffcadec2000 	C:\Windows\System32\bcryptPrimitives.dll
0x00007ffc937a0000 - 0x00007ffc937dc000 	D:\DAWeb\CL1\jdk-23.0.1+11\bin\jdwp.dll
0x00007ffc9b1e0000 - 0x00007ffc9b1ef000 	D:\DAWeb\CL1\jdk-23.0.1+11\bin\instrument.dll
0x00007ffc93a60000 - 0x00007ffc93a7e000 	D:\DAWeb\CL1\jdk-23.0.1+11\bin\java.dll
0x00007ffcae330000 - 0x00007ffcae45b000 	C:\Windows\System32\ole32.dll
0x00007ffcaf540000 - 0x00007ffcaf893000 	C:\Windows\System32\combase.dll
0x00007ffcaec30000 - 0x00007ffcaf39d000 	C:\Windows\System32\SHELL32.dll
0x00007ffc91060000 - 0x00007ffc91077000 	D:\DAWeb\CL1\jdk-23.0.1+11\bin\zip.dll

dbghelp: loaded successfully - version: 4.0.5 - missing functions: none
symbol engine: initialized successfully - sym options: 0x614 - pdb path: .;D:\DAWeb\CL1\jdk-23.0.1+11\bin;C:\Windows\SYSTEM32;C:\Windows\WinSxS\amd64_microsoft.windows.common-controls_6595b64144ccf1df_6.0.19041.4355_none_60b8b9eb71f62e16;D:\DAWeb\CL1\jdk-23.0.1+11\bin\server

VM Arguments:
jvm_args: -agentlib:jdwp=transport=dt_socket,address=127.0.0.1:52126,suspend=y,server=n -javaagent:C:\Users\marce\AppData\Local\JetBrains\IntelliJIdea2024.2\captureAgent\debugger-agent.jar -Dkotlinx.coroutines.debug.enable.creation.stack.trace=false -Ddebugger.agent.enable.coroutines=true -Dfile.encoding=UTF-8 -Dsun.stdout.encoding=UTF-8 -Dsun.stderr.encoding=UTF-8 
java_command: pe.edu.i202221402.crud.JPAPersist
java_class_path (initial): D:\DAWeb\CL1\cl1-jpa-montoyamarcelo\target\classes;C:\Users\marce\.m2\repository\org\hibernate\orm\hibernate-core\6.6.2.Final\hibernate-core-6.6.2.Final.jar;C:\Users\marce\.m2\repository\jakarta\persistence\jakarta.persistence-api\3.1.0\jakarta.persistence-api-3.1.0.jar;C:\Users\marce\.m2\repository\jakarta\transaction\jakarta.transaction-api\2.0.1\jakarta.transaction-api-2.0.1.jar;C:\Users\marce\.m2\repository\org\jboss\logging\jboss-logging\3.5.0.Final\jboss-logging-3.5.0.Final.jar;C:\Users\marce\.m2\repository\org\hibernate\common\hibernate-commons-annotations\7.0.3.Final\hibernate-commons-annotations-7.0.3.Final.jar;C:\Users\marce\.m2\repository\io\smallrye\jandex\3.2.0\jandex-3.2.0.jar;C:\Users\marce\.m2\repository\com\fasterxml\classmate\1.5.1\classmate-1.5.1.jar;C:\Users\marce\.m2\repository\net\bytebuddy\byte-buddy\1.14.18\byte-buddy-1.14.18.jar;C:\Users\marce\.m2\repository\jakarta\xml\bind\jakarta.xml.bind-api\4.0.0\jakarta.xml.bind-api-4.0.0.jar;C:\Users\marce\.m2\repository\jakarta\activation\jakarta.activation-api\2.1.0\jakarta.activation-api-2.1.0.jar;C:\Users\marce\.m2\repository\org\glassfish\jaxb\jaxb-runtime\4.0.2\jaxb-runtime-4.0.2.jar;C:\Users\marce\.m2\repository\org\glassfish\jaxb\jaxb-core\4.0.2\jaxb-core-4.0.2.jar;C:\Users\marce\.m2\repository\org\eclipse\angus\angus-activation\2.0.0\angus-activation-2.0.0.jar;C:\Users\marce\.m2\repository\org\glassfish\jaxb\txw2\4.0.2\txw2-4.0.2.jar;C:\Users\marce\.m2\repository\com\sun\istack\istack-commons-runtime\4.1.1\istack-commons-runtime-4.1.1.jar;C:\Users\marce\.m2\repository\jakarta\inject\jakarta.inject-api\2.0.1\jakarta.inject-api-2.0.1.jar;C:\Users\marce\.m2\repository\org\antlr\antlr4-runtime\4.13.0\antlr4-runtime-4.13.0.jar;C:\Users\marce\.m2\repository\com\mysql\mysql-connector-j\9.1.0\mysql-connector-j-9.1.0.jar;C:\Users\marce\.m2\repository\com\google\protobuf\protobuf-java\4.26.1\protobuf-java-4.26.1.jar;D:\Program Files\JetBrains\IntelliJ IDEA 2024.2.4\lib\idea_rt.jar
Launcher Type: SUN_STANDARD

[Global flags]
     intx CICompilerCount                          = 3                                         {product} {ergonomic}
     uint ConcGCThreads                            = 2                                         {product} {ergonomic}
     uint G1ConcRefinementThreads                  = 6                                         {product} {ergonomic}
   size_t G1HeapRegionSize                         = 2097152                                   {product} {ergonomic}
   size_t InitialHeapSize                          = 268435456                                 {product} {ergonomic}
   size_t MarkStackSize                            = 4194304                                   {product} {ergonomic}
   size_t MarkStackSizeMax                         = 536870912                                 {product} {ergonomic}
   size_t MaxHeapSize                              = 4278190080                                {product} {ergonomic}
   size_t MinHeapDeltaBytes                        = 2097152                                   {product} {ergonomic}
   size_t MinHeapSize                              = 8388608                                   {product} {ergonomic}
    uintx NonNMethodCodeHeapSize                   = 5832704                                {pd product} {ergonomic}
    uintx NonProfiledCodeHeapSize                  = 122945536                              {pd product} {ergonomic}
    uintx ProfiledCodeHeapSize                     = 122880000                              {pd product} {ergonomic}
    uintx ReservedCodeCacheSize                    = 251658240                              {pd product} {ergonomic}
     bool SegmentedCodeCache                       = true                                      {product} {ergonomic}
   size_t SoftMaxHeapSize                          = 4278190080                             {manageable} {ergonomic}
     bool UseCompressedOops                        = true                           {product lp64_product} {ergonomic}
     bool UseG1GC                                  = true                                      {product} {ergonomic}
     bool UseLargePagesIndividualAllocation        = false                                  {pd product} {ergonomic}

Logging:
Log output configuration:
 #0: stdout all=warning uptime,level,tags foldmultilines=false
 #1: stderr all=off uptime,level,tags foldmultilines=false

Environment Variables:
JAVA_HOME=D:\marce\Descargas\jdk-21.0.5+11
PATH=C:\Program Files\Microsoft MPI\Bin\;C:\Windows\system32;C:\Windows;C:\Windows\System32\Wbem;D:\marce\Descargas\jdk-21.0.5+11\bin;C:\Windows\System32\WindowsPowerShell\v1.0\;C:\Windows\System32\OpenSSH\;C:\Program Files\dotnet\;C:\Program Files (x86)\NVIDIA Corporation\PhysX\Common;C:\Program Files\NVIDIA Corporation\NVIDIA NvDLISR;C:\Program Files\Microsoft SQL Server\Client SDK\ODBC\170\Tools\Binn\;C:\Program Files (x86)\Microsoft SQL Server\150\Tools\Binn\;C:\Program Files\Microsoft SQL Server\150\Tools\Binn\;C:\Program Files\Microsoft SQL Server\150\DTS\Binn\;C:\Program Files (x86)\Microsoft SQL Server\150\DTS\Binn\;C:\Program Files\Azure Data Studio\bin;C:\Program Files\Java\jdk-11\bin;C:\Program Files\nodejs\;C:\Program Files\MongoDB\mongosh-2.2.2-win32-x64\bin;C:\Program Files\Docker\Docker\resources\bin;D:\Git\cmd;C:\Program Files (x86)\Microsoft SQL Server\160\Tools\Binn\;C:\Program Files\Microsoft SQL Server\160\Tools\Binn\;C:\Program Files\Microsoft SQL Server\160\DTS\Binn\;C:\Program Files (x86)\Microsoft SQL Server\160\DTS\Binn\;C:\Program Files (x86)\Windows Kits\10\Windows Performance Toolkit\;C:\Users\marce\Desktop\PythonPrj\sqlite;C:\Users\marce\AppData\Local\Microsoft\WindowsApps\PythonSoftwareFoundation.Python.3.12_qbz5n2kfra8p0;D:\Ruby31-x64\bin;C:\Users\marce\AppData\Local\Microsoft\WindowsApps;C:\Users\marce\AppData\Local\Programs\Microsoft VS Code\bin;C:\Users\marce\AppData\Local\GitHubDesktop\bin;C:\Users\marce\AppData\Roaming\npm;C:\Users\marce\.dotnet\tools;C:\Users\marce\AppData\Local\atom\bin;D:\Program Files\JetBrains\IntelliJ IDEA Community Edition 2024.2.4\bin;;D:\Program Files\JetBrains\IntelliJ IDEA 2024.2.4\bin;;D:\Program Files\JetBrains\WebStorm 2024.2.4\bin;;C:\Users\marce\.dotnet\tools
USERNAME=marce
OS=Windows_NT
PROCESSOR_IDENTIFIER=AMD64 Family 23 Model 113 Stepping 0, AuthenticAMD
TMP=C:\Users\marce\AppData\Local\Temp
TEMP=C:\Users\marce\AppData\Local\Temp




Periodic native trim disabled

---------------  S Y S T E M  ---------------

OS:
 Windows 10 , 64 bit Build 19041 (10.0.19041.5072)
OS uptime: 0 days 5:56 hours
Hyper-V role detected

CPU: total 6 (initial active 6) (6 cores per cpu, 1 threads per core) family 23 model 113 stepping 0 microcode 0x0, cx8, cmov, fxsr, mmx, 3dnowpref, sse, sse2, sse3, ssse3, sse4a, sse4.1, sse4.2, popcnt, lzcnt, tsc, tscinvbit, avx, avx2, aes, clmul, bmi1, bmi2, adx, sha, fma, vzeroupper, clflush, clflushopt, hv, rdtscp, rdpid, f16c
Processor Information for the first 6 processors :
  Max Mhz: 3593, Current Mhz: 3593, Mhz Limit: 3593

Memory: 4k page, system-wide physical 16313M (4130M free)
TotalPageFile size 18361M (AvailPageFile size 207M)
current process WorkingSet (physical memory assigned to process): 12M, peak: 12M
current process commit charge ("private bytes"): 56M, peak: 312M

vm_info: OpenJDK 64-Bit Server VM (23.0.1+11) for windows-amd64 JRE (23.0.1+11), built on 2024-10-15T00:00:00Z with MS VC++ 17.7 (VS2022)

END.
